CRITICAL - 2022-04-09 04:04:00 --> Cannot redeclare App\Controllers\Barang::index()
#0 [internal function]: CodeIgniter\Debug\Exceptions->shutdownHandler()
#1 {main}
CRITICAL - 2022-04-09 04:04:16 --> Cannot redeclare App\Controllers\Barang::index()
#0 [internal function]: CodeIgniter\Debug\Exceptions->shutdownHandler()
#1 {main}
CRITICAL - 2022-04-09 09:40:39 --> Undefined variable $getPelanggan
#0 D:\xampp\htdocs\pemograman6\app\Views\pelanggan_view.php(22): CodeIgniter\Debug\Exceptions->errorHandler(2, 'Undefined varia...', 'D:\\xampp\\htdocs...', 22)
#1 D:\xampp\htdocs\pemograman6\system\View\View.php(210): include('D:\\xampp\\htdocs...')
#2 D:\xampp\htdocs\pemograman6\system\View\View.php(213): CodeIgniter\View\View->CodeIgniter\View\{closure}()
#3 D:\xampp\htdocs\pemograman6\system\Common.php(1089): CodeIgniter\View\View->render('pelanggan_view', Array, true)
#4 D:\xampp\htdocs\pemograman6\app\Controllers\Pelanggan.php(16): view('pelanggan_view', Array)
#5 D:\xampp\htdocs\pemograman6\system\CodeIgniter.php(825): App\Controllers\Pelanggan->index()
#6 D:\xampp\htdocs\pemograman6\system\CodeIgniter.php(412): CodeIgniter\CodeIgniter->runController(Object(App\Controllers\Pelanggan))
#7 D:\xampp\htdocs\pemograman6\system\CodeIgniter.php(320): CodeIgniter\CodeIgniter->handleRequest(NULL, Object(Config\Cache), false)
#8 D:\xampp\htdocs\pemograman6\index.php(37): CodeIgniter\CodeIgniter->run()
#9 {main}
CRITICAL - 2022-04-09 09:40:52 --> Undefined variable $getPelanggan
#0 D:\xampp\htdocs\pemograman6\app\Views\pelanggan_view.php(22): CodeIgniter\Debug\Exceptions->errorHandler(2, 'Undefined varia...', 'D:\\xampp\\htdocs...', 22)
#1 D:\xampp\htdocs\pemograman6\system\View\View.php(210): include('D:\\xampp\\htdocs...')
#2 D:\xampp\htdocs\pemograman6\system\View\View.php(213): CodeIgniter\View\View->CodeIgniter\View\{closure}()
#3 D:\xampp\htdocs\pemograman6\system\Common.php(1089): CodeIgniter\View\View->render('pelanggan_view', Array, true)
#4 D:\xampp\htdocs\pemograman6\app\Controllers\Pelanggan.php(16): view('pelanggan_view', Array)
#5 D:\xampp\htdocs\pemograman6\system\CodeIgniter.php(825): App\Controllers\Pelanggan->index()
#6 D:\xampp\htdocs\pemograman6\system\CodeIgniter.php(412): CodeIgniter\CodeIgniter->runController(Object(App\Controllers\Pelanggan))
#7 D:\xampp\htdocs\pemograman6\system\CodeIgniter.php(320): CodeIgniter\CodeIgniter->handleRequest(NULL, Object(Config\Cache), false)
#8 D:\xampp\htdocs\pemograman6\index.php(37): CodeIgniter\CodeIgniter->run()
#9 {main}
CRITICAL - 2022-04-09 09:40:53 --> Undefined variable $getPelanggan
#0 D:\xampp\htdocs\pemograman6\app\Views\pelanggan_view.php(22): CodeIgniter\Debug\Exceptions->errorHandler(2, 'Undefined varia...', 'D:\\xampp\\htdocs...', 22)
#1 D:\xampp\htdocs\pemograman6\system\View\View.php(210): include('D:\\xampp\\htdocs...')
#2 D:\xampp\htdocs\pemograman6\system\View\View.php(213): CodeIgniter\View\View->CodeIgniter\View\{closure}()
#3 D:\xampp\htdocs\pemograman6\system\Common.php(1089): CodeIgniter\View\View->render('pelanggan_view', Array, true)
#4 D:\xampp\htdocs\pemograman6\app\Controllers\Pelanggan.php(16): view('pelanggan_view', Array)
#5 D:\xampp\htdocs\pemograman6\system\CodeIgniter.php(825): App\Controllers\Pelanggan->index()
#6 D:\xampp\htdocs\pemograman6\system\CodeIgniter.php(412): CodeIgniter\CodeIgniter->runController(Object(App\Controllers\Pelanggan))
#7 D:\xampp\htdocs\pemograman6\system\CodeIgniter.php(320): CodeIgniter\CodeIgniter->handleRequest(NULL, Object(Config\Cache), false)
#8 D:\xampp\htdocs\pemograman6\index.php(37): CodeIgniter\CodeIgniter->run()
#9 {main}
CRITICAL - 2022-04-09 09:40:54 --> Undefined variable $getPelanggan
#0 D:\xampp\htdocs\pemograman6\app\Views\pelanggan_view.php(22): CodeIgniter\Debug\Exceptions->errorHandler(2, 'Undefined varia...', 'D:\\xampp\\htdocs...', 22)
#1 D:\xampp\htdocs\pemograman6\system\View\View.php(210): include('D:\\xampp\\htdocs...')
#2 D:\xampp\htdocs\pemograman6\system\View\View.php(213): CodeIgniter\View\View->CodeIgniter\View\{closure}()
#3 D:\xampp\htdocs\pemograman6\system\Common.php(1089): CodeIgniter\View\View->render('pelanggan_view', Array, true)
#4 D:\xampp\htdocs\pemograman6\app\Controllers\Pelanggan.php(16): view('pelanggan_view', Array)
#5 D:\xampp\htdocs\pemograman6\system\CodeIgniter.php(825): App\Controllers\Pelanggan->index()
#6 D:\xampp\htdocs\pemograman6\system\CodeIgniter.php(412): CodeIgniter\CodeIgniter->runController(Object(App\Controllers\Pelanggan))
#7 D:\xampp\htdocs\pemograman6\system\CodeIgniter.php(320): CodeIgniter\CodeIgniter->handleRequest(NULL, Object(Config\Cache), false)
#8 D:\xampp\htdocs\pemograman6\index.php(37): CodeIgniter\CodeIgniter->run()
#9 {main}
CRITICAL - 2022-04-09 09:41:00 --> Undefined variable $getPelanggan
#0 D:\xampp\htdocs\pemograman6\app\Views\pelanggan_view.php(22): CodeIgniter\Debug\Exceptions->errorHandler(2, 'Undefined varia...', 'D:\\xampp\\htdocs...', 22)
#1 D:\xampp\htdocs\pemograman6\system\View\View.php(210): include('D:\\xampp\\htdocs...')
#2 D:\xampp\htdocs\pemograman6\system\View\View.php(213): CodeIgniter\View\View->CodeIgniter\View\{closure}()
#3 D:\xampp\htdocs\pemograman6\system\Common.php(1089): CodeIgniter\View\View->render('pelanggan_view', Array, true)
#4 D:\xampp\htdocs\pemograman6\app\Controllers\Pelanggan.php(16): view('pelanggan_view', Array)
#5 D:\xampp\htdocs\pemograman6\system\CodeIgniter.php(825): App\Controllers\Pelanggan->index()
#6 D:\xampp\htdocs\pemograman6\system\CodeIgniter.php(412): CodeIgniter\CodeIgniter->runController(Object(App\Controllers\Pelanggan))
#7 D:\xampp\htdocs\pemograman6\system\CodeIgniter.php(320): CodeIgniter\CodeIgniter->handleRequest(NULL, Object(Config\Cache), false)
#8 D:\xampp\htdocs\pemograman6\index.php(37): CodeIgniter\CodeIgniter->run()
#9 {main}
CRITICAL - 2022-04-09 09:42:53 --> Undefined variable $getPelanggan
#0 D:\xampp\htdocs\pemograman6\app\Views\pelanggan_view.php(22): CodeIgniter\Debug\Exceptions->errorHandler(2, 'Undefined varia...', 'D:\\xampp\\htdocs...', 22)
#1 D:\xampp\htdocs\pemograman6\system\View\View.php(210): include('D:\\xampp\\htdocs...')
#2 D:\xampp\htdocs\pemograman6\system\View\View.php(213): CodeIgniter\View\View->CodeIgniter\View\{closure}()
#3 D:\xampp\htdocs\pemograman6\system\Common.php(1089): CodeIgniter\View\View->render('pelanggan_view', Array, true)
#4 D:\xampp\htdocs\pemograman6\app\Controllers\Pelanggan.php(16): view('pelanggan_view', Array)
#5 D:\xampp\htdocs\pemograman6\system\CodeIgniter.php(825): App\Controllers\Pelanggan->index()
#6 D:\xampp\htdocs\pemograman6\system\CodeIgniter.php(412): CodeIgniter\CodeIgniter->runController(Object(App\Controllers\Pelanggan))
#7 D:\xampp\htdocs\pemograman6\system\CodeIgniter.php(320): CodeIgniter\CodeIgniter->handleRequest(NULL, Object(Config\Cache), false)
#8 D:\xampp\htdocs\pemograman6\index.php(37): CodeIgniter\CodeIgniter->run()
#9 {main}
CRITICAL - 2022-04-09 09:46:28 --> Undefined variable $getPelanggan
#0 D:\xampp\htdocs\pemograman6\app\Views\pelanggan_view.php(22): CodeIgniter\Debug\Exceptions->errorHandler(2, 'Undefined varia...', 'D:\\xampp\\htdocs...', 22)
#1 D:\xampp\htdocs\pemograman6\system\View\View.php(210): include('D:\\xampp\\htdocs...')
#2 D:\xampp\htdocs\pemograman6\system\View\View.php(213): CodeIgniter\View\View->CodeIgniter\View\{closure}()
#3 D:\xampp\htdocs\pemograman6\system\Common.php(1089): CodeIgniter\View\View->render('pelanggan_view', Array, true)
#4 D:\xampp\htdocs\pemograman6\app\Controllers\Pelanggan.php(16): view('pelanggan_view', Array)
#5 D:\xampp\htdocs\pemograman6\system\CodeIgniter.php(825): App\Controllers\Pelanggan->index()
#6 D:\xampp\htdocs\pemograman6\system\CodeIgniter.php(412): CodeIgniter\CodeIgniter->runController(Object(App\Controllers\Pelanggan))
#7 D:\xampp\htdocs\pemograman6\system\CodeIgniter.php(320): CodeIgniter\CodeIgniter->handleRequest(NULL, Object(Config\Cache), false)
#8 D:\xampp\htdocs\pemograman6\index.php(37): CodeIgniter\CodeIgniter->run()
#9 {main}
CRITICAL - 2022-04-09 09:48:17 --> Undefined variable $getPelanggan
#0 D:\xampp\htdocs\pemograman6\app\Views\pelanggan_view.php(22): CodeIgniter\Debug\Exceptions->errorHandler(2, 'Undefined varia...', 'D:\\xampp\\htdocs...', 22)
#1 D:\xampp\htdocs\pemograman6\system\View\View.php(210): include('D:\\xampp\\htdocs...')
#2 D:\xampp\htdocs\pemograman6\system\View\View.php(213): CodeIgniter\View\View->CodeIgniter\View\{closure}()
#3 D:\xampp\htdocs\pemograman6\system\Common.php(1089): CodeIgniter\View\View->render('pelanggan_view', Array, true)
#4 D:\xampp\htdocs\pemograman6\app\Controllers\Pelanggan.php(16): view('pelanggan_view', Array)
#5 D:\xampp\htdocs\pemograman6\system\CodeIgniter.php(825): App\Controllers\Pelanggan->index()
#6 D:\xampp\htdocs\pemograman6\system\CodeIgniter.php(412): CodeIgniter\CodeIgniter->runController(Object(App\Controllers\Pelanggan))
#7 D:\xampp\htdocs\pemograman6\system\CodeIgniter.php(320): CodeIgniter\CodeIgniter->handleRequest(NULL, Object(Config\Cache), false)
#8 D:\xampp\htdocs\pemograman6\index.php(37): CodeIgniter\CodeIgniter->run()
#9 {main}
CRITICAL - 2022-04-09 09:48:27 --> Undefined variable $getPelanggan
#0 D:\xampp\htdocs\pemograman6\app\Views\pelanggan_view.php(22): CodeIgniter\Debug\Exceptions->errorHandler(2, 'Undefined varia...', 'D:\\xampp\\htdocs...', 22)
#1 D:\xampp\htdocs\pemograman6\system\View\View.php(210): include('D:\\xampp\\htdocs...')
#2 D:\xampp\htdocs\pemograman6\system\View\View.php(213): CodeIgniter\View\View->CodeIgniter\View\{closure}()
#3 D:\xampp\htdocs\pemograman6\system\Common.php(1089): CodeIgniter\View\View->render('pelanggan_view', Array, true)
#4 D:\xampp\htdocs\pemograman6\app\Controllers\Pelanggan.php(16): view('pelanggan_view', Array)
#5 D:\xampp\htdocs\pemograman6\system\CodeIgniter.php(825): App\Controllers\Pelanggan->index()
#6 D:\xampp\htdocs\pemograman6\system\CodeIgniter.php(412): CodeIgniter\CodeIgniter->runController(Object(App\Controllers\Pelanggan))
#7 D:\xampp\htdocs\pemograman6\system\CodeIgniter.php(320): CodeIgniter\CodeIgniter->handleRequest(NULL, Object(Config\Cache), false)
#8 D:\xampp\htdocs\pemograman6\index.php(37): CodeIgniter\CodeIgniter->run()
#9 {main}
CRITICAL - 2022-04-09 09:48:44 --> Undefined variable $getPelanggan
#0 D:\xampp\htdocs\pemograman6\app\Views\pelanggan_view.php(22): CodeIgniter\Debug\Exceptions->errorHandler(2, 'Undefined varia...', 'D:\\xampp\\htdocs...', 22)
#1 D:\xampp\htdocs\pemograman6\system\View\View.php(210): include('D:\\xampp\\htdocs...')
#2 D:\xampp\htdocs\pemograman6\system\View\View.php(213): CodeIgniter\View\View->CodeIgniter\View\{closure}()
#3 D:\xampp\htdocs\pemograman6\system\Common.php(1089): CodeIgniter\View\View->render('pelanggan_view', Array, true)
#4 D:\xampp\htdocs\pemograman6\app\Controllers\Pelanggan.php(16): view('pelanggan_view', Array)
#5 D:\xampp\htdocs\pemograman6\system\CodeIgniter.php(825): App\Controllers\Pelanggan->index()
#6 D:\xampp\htdocs\pemograman6\system\CodeIgniter.php(412): CodeIgniter\CodeIgniter->runController(Object(App\Controllers\Pelanggan))
#7 D:\xampp\htdocs\pemograman6\system\CodeIgniter.php(320): CodeIgniter\CodeIgniter->handleRequest(NULL, Object(Config\Cache), false)
#8 D:\xampp\htdocs\pemograman6\index.php(37): CodeIgniter\CodeIgniter->run()
#9 {main}
CRITICAL - 2022-04-09 09:51:30 --> Undefined variable $getPelanggan
#0 D:\xampp\htdocs\pemograman6\app\Views\pelanggan_view.php(22): CodeIgniter\Debug\Exceptions->errorHandler(2, 'Undefined varia...', 'D:\\xampp\\htdocs...', 22)
#1 D:\xampp\htdocs\pemograman6\system\View\View.php(210): include('D:\\xampp\\htdocs...')
#2 D:\xampp\htdocs\pemograman6\system\View\View.php(213): CodeIgniter\View\View->CodeIgniter\View\{closure}()
#3 D:\xampp\htdocs\pemograman6\system\Common.php(1089): CodeIgniter\View\View->render('pelanggan_view', Array, true)
#4 D:\xampp\htdocs\pemograman6\app\Controllers\Pelanggan.php(16): view('pelanggan_view', Array)
#5 D:\xampp\htdocs\pemograman6\system\CodeIgniter.php(825): App\Controllers\Pelanggan->index()
#6 D:\xampp\htdocs\pemograman6\system\CodeIgniter.php(412): CodeIgniter\CodeIgniter->runController(Object(App\Controllers\Pelanggan))
#7 D:\xampp\htdocs\pemograman6\system\CodeIgniter.php(320): CodeIgniter\CodeIgniter->handleRequest(NULL, Object(Config\Cache), false)
#8 D:\xampp\htdocs\pemograman6\index.php(37): CodeIgniter\CodeIgniter->run()
#9 {main}
CRITICAL - 2022-04-09 09:57:30 --> Call to undefined method App\Models\Pelanggan_model::saveBarang
#0 D:\xampp\htdocs\pemograman6\app\Controllers\Pelanggan.php(36): CodeIgniter\Model->__call('saveBarang', Array)
#1 D:\xampp\htdocs\pemograman6\system\CodeIgniter.php(825): App\Controllers\Pelanggan->pelangganadd()
#2 D:\xampp\htdocs\pemograman6\system\CodeIgniter.php(412): CodeIgniter\CodeIgniter->runController(Object(App\Controllers\Pelanggan))
#3 D:\xampp\htdocs\pemograman6\system\CodeIgniter.php(320): CodeIgniter\CodeIgniter->handleRequest(NULL, Object(Config\Cache), false)
#4 D:\xampp\htdocs\pemograman6\index.php(37): CodeIgniter\CodeIgniter->run()
#5 {main}
CRITICAL - 2022-04-09 10:16:56 --> Call to undefined method App\Models\Pelanggan_model::saveBarang
#0 D:\xampp\htdocs\pemograman6\app\Controllers\Pelanggan.php(36): CodeIgniter\Model->__call('saveBarang', Array)
#1 D:\xampp\htdocs\pemograman6\system\CodeIgniter.php(825): App\Controllers\Pelanggan->pelangganadd()
#2 D:\xampp\htdocs\pemograman6\system\CodeIgniter.php(412): CodeIgniter\CodeIgniter->runController(Object(App\Controllers\Pelanggan))
#3 D:\xampp\htdocs\pemograman6\system\CodeIgniter.php(320): CodeIgniter\CodeIgniter->handleRequest(NULL, Object(Config\Cache), false)
#4 D:\xampp\htdocs\pemograman6\index.php(37): CodeIgniter\CodeIgniter->run()
#5 {main}
CRITICAL - 2022-04-09 10:21:37 --> Call to undefined method App\Models\Pelanggan_model::saveBarang
#0 D:\xampp\htdocs\pemograman6\app\Controllers\Pelanggan.php(36): CodeIgniter\Model->__call('saveBarang', Array)
#1 D:\xampp\htdocs\pemograman6\system\CodeIgniter.php(825): App\Controllers\Pelanggan->pelangganadd()
#2 D:\xampp\htdocs\pemograman6\system\CodeIgniter.php(412): CodeIgniter\CodeIgniter->runController(Object(App\Controllers\Pelanggan))
#3 D:\xampp\htdocs\pemograman6\system\CodeIgniter.php(320): CodeIgniter\CodeIgniter->handleRequest(NULL, Object(Config\Cache), false)
#4 D:\xampp\htdocs\pemograman6\index.php(37): CodeIgniter\CodeIgniter->run()
#5 {main}
CRITICAL - 2022-04-09 10:21:58 --> Call to undefined method App\Models\Pelanggan_model::hapusPelanggan
#0 D:\xampp\htdocs\pemograman6\app\Controllers\Pelanggan.php(84): CodeIgniter\Model->__call('hapusPelanggan', Array)
#1 D:\xampp\htdocs\pemograman6\system\CodeIgniter.php(825): App\Controllers\Pelanggan->pelangganhapus('0')
#2 D:\xampp\htdocs\pemograman6\system\CodeIgniter.php(412): CodeIgniter\CodeIgniter->runController(Object(App\Controllers\Pelanggan))
#3 D:\xampp\htdocs\pemograman6\system\CodeIgniter.php(320): CodeIgniter\CodeIgniter->handleRequest(NULL, Object(Config\Cache), false)
#4 D:\xampp\htdocs\pemograman6\index.php(37): CodeIgniter\CodeIgniter->run()
#5 {main}
CRITICAL - 2022-04-09 10:31:53 --> Class "App\Controllers\Barang_model" not found
#0 D:\xampp\htdocs\pemograman6\system\CodeIgniter.php(825): App\Controllers\Pelanggan->pelangganedit('0')
#1 D:\xampp\htdocs\pemograman6\system\CodeIgniter.php(412): CodeIgniter\CodeIgniter->runController(Object(App\Controllers\Pelanggan))
#2 D:\xampp\htdocs\pemograman6\system\CodeIgniter.php(320): CodeIgniter\CodeIgniter->handleRequest(NULL, Object(Config\Cache), false)
#3 D:\xampp\htdocs\pemograman6\index.php(37): CodeIgniter\CodeIgniter->run()
#4 {main}
CRITICAL - 2022-04-09 10:34:07 --> Undefined variable $pelanggan
#0 D:\xampp\htdocs\pemograman6\app\Views\pelangganedit_view.php(5): CodeIgniter\Debug\Exceptions->errorHandler(2, 'Undefined varia...', 'D:\\xampp\\htdocs...', 5)
#1 D:\xampp\htdocs\pemograman6\system\View\View.php(210): include('D:\\xampp\\htdocs...')
#2 D:\xampp\htdocs\pemograman6\system\View\View.php(213): CodeIgniter\View\View->CodeIgniter\View\{closure}()
#3 D:\xampp\htdocs\pemograman6\system\Common.php(1089): CodeIgniter\View\View->render('pelangganedit_v...', Array, true)
#4 D:\xampp\htdocs\pemograman6\app\Controllers\Pelanggan.php(52): view('pelangganedit_v...', Array)
#5 D:\xampp\htdocs\pemograman6\system\CodeIgniter.php(825): App\Controllers\Pelanggan->pelangganedit('0')
#6 D:\xampp\htdocs\pemograman6\system\CodeIgniter.php(412): CodeIgniter\CodeIgniter->runController(Object(App\Controllers\Pelanggan))
#7 D:\xampp\htdocs\pemograman6\system\CodeIgniter.php(320): CodeIgniter\CodeIgniter->handleRequest(NULL, Object(Config\Cache), false)
#8 D:\xampp\htdocs\pemograman6\index.php(37): CodeIgniter\CodeIgniter->run()
#9 {main}
CRITICAL - 2022-04-09 10:35:49 --> Call to undefined method App\Models\Pelanggan_model::hapusPelanggan
#0 D:\xampp\htdocs\pemograman6\app\Controllers\Pelanggan.php(84): CodeIgniter\Model->__call('hapusPelanggan', Array)
#1 D:\xampp\htdocs\pemograman6\system\CodeIgniter.php(825): App\Controllers\Pelanggan->pelangganhapus('0')
#2 D:\xampp\htdocs\pemograman6\system\CodeIgniter.php(412): CodeIgniter\CodeIgniter->runController(Object(App\Controllers\Pelanggan))
#3 D:\xampp\htdocs\pemograman6\system\CodeIgniter.php(320): CodeIgniter\CodeIgniter->handleRequest(NULL, Object(Config\Cache), false)
#4 D:\xampp\htdocs\pemograman6\index.php(37): CodeIgniter\CodeIgniter->run()
#5 {main}
CRITICAL - 2022-04-09 10:42:09 --> Call to undefined method App\Models\Pelanggan_model::saveBarang
#0 D:\xampp\htdocs\pemograman6\app\Controllers\Pelanggan.php(36): CodeIgniter\Model->__call('saveBarang', Array)
#1 D:\xampp\htdocs\pemograman6\system\CodeIgniter.php(825): App\Controllers\Pelanggan->pelangganadd()
#2 D:\xampp\htdocs\pemograman6\system\CodeIgniter.php(412): CodeIgniter\CodeIgniter->runController(Object(App\Controllers\Pelanggan))
#3 D:\xampp\htdocs\pemograman6\system\CodeIgniter.php(320): CodeIgniter\CodeIgniter->handleRequest(NULL, Object(Config\Cache), false)
#4 D:\xampp\htdocs\pemograman6\index.php(37): CodeIgniter\CodeIgniter->run()
#5 {main}
CRITICAL - 2022-04-09 10:42:21 --> Call to undefined method App\Models\Pelanggan_model::saveBarang
#0 D:\xampp\htdocs\pemograman6\app\Controllers\Pelanggan.php(36): CodeIgniter\Model->__call('saveBarang', Array)
#1 D:\xampp\htdocs\pemograman6\system\CodeIgniter.php(825): App\Controllers\Pelanggan->pelangganadd()
#2 D:\xampp\htdocs\pemograman6\system\CodeIgniter.php(412): CodeIgniter\CodeIgniter->runController(Object(App\Controllers\Pelanggan))
#3 D:\xampp\htdocs\pemograman6\system\CodeIgniter.php(320): CodeIgniter\CodeIgniter->handleRequest(NULL, Object(Config\Cache), false)
#4 D:\xampp\htdocs\pemograman6\index.php(37): CodeIgniter\CodeIgniter->run()
#5 {main}
CRITICAL - 2022-04-09 10:49:37 --> Call to undefined method App\Models\Pelanggan_model::savePelanggan
#0 D:\xampp\htdocs\pemograman6\app\Controllers\Pelanggan.php(36): CodeIgniter\Model->__call('savePelanggan', Array)
#1 D:\xampp\htdocs\pemograman6\system\CodeIgniter.php(825): App\Controllers\Pelanggan->pelangganadd()
#2 D:\xampp\htdocs\pemograman6\system\CodeIgniter.php(412): CodeIgniter\CodeIgniter->runController(Object(App\Controllers\Pelanggan))
#3 D:\xampp\htdocs\pemograman6\system\CodeIgniter.php(320): CodeIgniter\CodeIgniter->handleRequest(NULL, Object(Config\Cache), false)
#4 D:\xampp\htdocs\pemograman6\index.php(37): CodeIgniter\CodeIgniter->run()
#5 {main}
CRITICAL - 2022-04-09 10:50:19 --> Call to undefined method App\Models\Pelanggan_model::savePelanggan
#0 D:\xampp\htdocs\pemograman6\app\Controllers\Pelanggan.php(36): CodeIgniter\Model->__call('savePelanggan', Array)
#1 D:\xampp\htdocs\pemograman6\system\CodeIgniter.php(825): App\Controllers\Pelanggan->pelangganadd()
#2 D:\xampp\htdocs\pemograman6\system\CodeIgniter.php(412): CodeIgniter\CodeIgniter->runController(Object(App\Controllers\Pelanggan))
#3 D:\xampp\htdocs\pemograman6\system\CodeIgniter.php(320): CodeIgniter\CodeIgniter->handleRequest(NULL, Object(Config\Cache), false)
#4 D:\xampp\htdocs\pemograman6\index.php(37): CodeIgniter\CodeIgniter->run()
#5 {main}
CRITICAL - 2022-04-09 10:51:39 --> Call to undefined method App\Models\Pelanggan_model::savePelanggan
#0 D:\xampp\htdocs\pemograman6\app\Controllers\Pelanggan.php(36): CodeIgniter\Model->__call('savePelanggan', Array)
#1 D:\xampp\htdocs\pemograman6\system\CodeIgniter.php(825): App\Controllers\Pelanggan->pelangganadd()
#2 D:\xampp\htdocs\pemograman6\system\CodeIgniter.php(412): CodeIgniter\CodeIgniter->runController(Object(App\Controllers\Pelanggan))
#3 D:\xampp\htdocs\pemograman6\system\CodeIgniter.php(320): CodeIgniter\CodeIgniter->handleRequest(NULL, Object(Config\Cache), false)
#4 D:\xampp\htdocs\pemograman6\index.php(37): CodeIgniter\CodeIgniter->run()
#5 {main}
CRITICAL - 2022-04-09 11:00:30 --> Undefined variable $pelanggan
#0 D:\xampp\htdocs\pemograman6\app\Views\pelangganedit_view.php(5): CodeIgniter\Debug\Exceptions->errorHandler(2, 'Undefined varia...', 'D:\\xampp\\htdocs...', 5)
#1 D:\xampp\htdocs\pemograman6\system\View\View.php(210): include('D:\\xampp\\htdocs...')
#2 D:\xampp\htdocs\pemograman6\system\View\View.php(213): CodeIgniter\View\View->CodeIgniter\View\{closure}()
#3 D:\xampp\htdocs\pemograman6\system\Common.php(1089): CodeIgniter\View\View->render('pelangganedit_v...', Array, true)
#4 D:\xampp\htdocs\pemograman6\app\Controllers\Pelanggan.php(52): view('pelangganedit_v...', Array)
#5 D:\xampp\htdocs\pemograman6\system\CodeIgniter.php(825): App\Controllers\Pelanggan->pelangganedit('0')
#6 D:\xampp\htdocs\pemograman6\system\CodeIgniter.php(412): CodeIgniter\CodeIgniter->runController(Object(App\Controllers\Pelanggan))
#7 D:\xampp\htdocs\pemograman6\system\CodeIgniter.php(320): CodeIgniter\CodeIgniter->handleRequest(NULL, Object(Config\Cache), false)
#8 D:\xampp\htdocs\pemograman6\index.php(37): CodeIgniter\CodeIgniter->run()
#9 {main}
CRITICAL - 2022-04-09 11:01:00 --> Undefined variable $pelanggan
#0 D:\xampp\htdocs\pemograman6\app\Views\pelangganedit_view.php(5): CodeIgniter\Debug\Exceptions->errorHandler(2, 'Undefined varia...', 'D:\\xampp\\htdocs...', 5)
#1 D:\xampp\htdocs\pemograman6\system\View\View.php(210): include('D:\\xampp\\htdocs...')
#2 D:\xampp\htdocs\pemograman6\system\View\View.php(213): CodeIgniter\View\View->CodeIgniter\View\{closure}()
#3 D:\xampp\htdocs\pemograman6\system\Common.php(1089): CodeIgniter\View\View->render('pelangganedit_v...', Array, true)
#4 D:\xampp\htdocs\pemograman6\app\Controllers\Pelanggan.php(52): view('pelangganedit_v...', Array)
#5 D:\xampp\htdocs\pemograman6\system\CodeIgniter.php(825): App\Controllers\Pelanggan->pelangganedit('0')
#6 D:\xampp\htdocs\pemograman6\system\CodeIgniter.php(412): CodeIgniter\CodeIgniter->runController(Object(App\Controllers\Pelanggan))
#7 D:\xampp\htdocs\pemograman6\system\CodeIgniter.php(320): CodeIgniter\CodeIgniter->handleRequest(NULL, Object(Config\Cache), false)
#8 D:\xampp\htdocs\pemograman6\index.php(37): CodeIgniter\CodeIgniter->run()
#9 {main}
CRITICAL - 2022-04-09 11:09:35 --> Too few arguments to function App\Controllers\Pelanggan::pelangganedit(), 0 passed in D:\xampp\htdocs\pemograman6\system\CodeIgniter.php on line 825 and exactly 1 expected
#0 D:\xampp\htdocs\pemograman6\system\CodeIgniter.php(825): App\Controllers\Pelanggan->pelangganedit()
#1 D:\xampp\htdocs\pemograman6\system\CodeIgniter.php(412): CodeIgniter\CodeIgniter->runController(Object(App\Controllers\Pelanggan))
#2 D:\xampp\htdocs\pemograman6\system\CodeIgniter.php(320): CodeIgniter\CodeIgniter->handleRequest(NULL, Object(Config\Cache), false)
#3 D:\xampp\htdocs\pemograman6\index.php(37): CodeIgniter\CodeIgniter->run()
#4 {main}
CRITICAL - 2022-04-09 11:13:17 --> Call to undefined method App\Models\Pelanggan_model::editPelanggan
#0 D:\xampp\htdocs\pemograman6\app\Controllers\Pelanggan.php(72): CodeIgniter\Model->__call('editPelanggan', Array)
#1 D:\xampp\htdocs\pemograman6\system\CodeIgniter.php(825): App\Controllers\Pelanggan->pelangganupdate()
#2 D:\xampp\htdocs\pemograman6\system\CodeIgniter.php(412): CodeIgniter\CodeIgniter->runController(Object(App\Controllers\Pelanggan))
#3 D:\xampp\htdocs\pemograman6\system\CodeIgniter.php(320): CodeIgniter\CodeIgniter->handleRequest(NULL, Object(Config\Cache), false)
#4 D:\xampp\htdocs\pemograman6\index.php(37): CodeIgniter\CodeIgniter->run()
#5 {main}
CRITICAL - 2022-04-09 11:15:13 --> Call to undefined method App\Models\Pelanggan_model::editPelanggan
#0 D:\xampp\htdocs\pemograman6\app\Controllers\Pelanggan.php(72): CodeIgniter\Model->__call('editPelanggan', Array)
#1 D:\xampp\htdocs\pemograman6\system\CodeIgniter.php(825): App\Controllers\Pelanggan->pelangganupdate()
#2 D:\xampp\htdocs\pemograman6\system\CodeIgniter.php(412): CodeIgniter\CodeIgniter->runController(Object(App\Controllers\Pelanggan))
#3 D:\xampp\htdocs\pemograman6\system\CodeIgniter.php(320): CodeIgniter\CodeIgniter->handleRequest(NULL, Object(Config\Cache), false)
#4 D:\xampp\htdocs\pemograman6\index.php(37): CodeIgniter\CodeIgniter->run()
#5 {main}
ERROR - 2022-04-09 16:29:42 --> Duplicate entry '0' for key 'PRIMARY'
ERROR - 2022-04-09 16:34:07 --> Duplicate entry '0' for key 'PRIMARY'
ERROR - 2022-04-09 16:34:33 --> Duplicate entry '0' for key 'PRIMARY'
